<?xml version="1.0" encoding="UTF-8"?>
<testsuite name="com.example.Learning1.Learning1ApplicationTests" tests="1" skipped="0" failures="0" errors="0" timestamp="2021-06-17T10:15:01" hostname="VW10MSPTCSP2012" time="0.941">
  <properties/>
  <testcase name="contextLoads()" classname="com.example.Learning1.Learning1ApplicationTests" time="0.941"/>
  <system-out><![CDATA[15:44:54.312 [Test worker] DEBUG org.springframework.test.context.BootstrapUtils - Instantiating CacheAwareContextLoaderDelegate from class [org.springframework.test.context.cache.DefaultCacheAwareContextLoaderDelegate]
15:44:54.484 [Test worker] DEBUG org.springframework.test.context.BootstrapUtils - Instantiating BootstrapContext using constructor [public org.springframework.test.context.support.DefaultBootstrapContext(java.lang.Class,org.springframework.test.context.CacheAwareContextLoaderDelegate)]
15:44:54.640 [Test worker] DEBUG org.springframework.test.context.BootstrapUtils - Instantiating TestContextBootstrapper for test class [com.example.Learning1.Learning1ApplicationTests] from class [org.springframework.boot.test.context.SpringBootTestContextBootstrapper]
15:44:54.687 [Test worker] INFO org.springframework.boot.test.context.SpringBootTestContextBootstrapper - Neither @ContextConfiguration nor @ContextHierarchy found for test class [com.example.Learning1.Learning1ApplicationTests], using SpringBootContextLoader
15:44:54.703 [Test worker] DEBUG org.springframework.test.context.support.AbstractContextLoader - Did not detect default resource location for test class [com.example.Learning1.Learning1ApplicationTests]: class path resource [com/example/Learning1/Learning1ApplicationTests-context.xml] does not exist
15:44:54.703 [Test worker] DEBUG org.springframework.test.context.support.AbstractContextLoader - Did not detect default resource location for test class [com.example.Learning1.Learning1ApplicationTests]: class path resource [com/example/Learning1/Learning1ApplicationTestsContext.groovy] does not exist
15:44:54.718 [Test worker] INFO org.springframework.test.context.support.AbstractContextLoader - Could not detect default resource locations for test class [com.example.Learning1.Learning1ApplicationTests]: no resource found for suffixes {-context.xml, Context.groovy}.
15:44:54.718 [Test worker] INFO org.springframework.test.context.support.AnnotationConfigContextLoaderUtils - Could not detect default configuration classes for test class [com.example.Learning1.Learning1ApplicationTests]: Learning1ApplicationTests does not declare any static, non-private, non-final, nested classes annotated with @Configuration.
15:44:54.890 [Test worker] DEBUG org.springframework.test.context.support.ActiveProfilesUtils - Could not find an 'annotation declaring class' for annotation type [org.springframework.test.context.ActiveProfiles] and class [com.example.Learning1.Learning1ApplicationTests]
15:44:55.093 [Test worker] DEBUG org.springframework.context.annotation.ClassPathScanningCandidateComponentProvider - Identified candidate component class: file [C:\Project\Learning1\build\classes\java\main\com\example\Learning1\Learning1Application.class]
15:44:55.093 [Test worker] INFO org.springframework.boot.test.context.SpringBootTestContextBootstrapper - Found @SpringBootConfiguration com.example.Learning1.Learning1Application for test class com.example.Learning1.Learning1ApplicationTests
15:44:55.359 [Test worker] DEBUG org.springframework.boot.test.context.SpringBootTestContextBootstrapper - @TestExecutionListeners is not present for class [com.example.Learning1.Learning1ApplicationTests]: using defaults.
15:44:55.375 [Test worker] INFO org.springframework.boot.test.context.SpringBootTestContextBootstrapper - Loaded default TestExecutionListener class names from location [META-INF/spring.factories]: [org.springframework.boot.test.autoconfigure.restdocs.RestDocsTestExecutionListener, org.springframework.boot.test.autoconfigure.web.client.MockRestServiceServerResetTestExecutionListener, org.springframework.boot.test.autoconfigure.web.servlet.MockMvcPrintOnlyOnFailureTestExecutionListener, org.springframework.boot.test.autoconfigure.web.servlet.WebDriverTestExecutionListener, org.springframework.boot.test.autoconfigure.webservices.client.MockWebServiceServerTestExecutionListener, org.springframework.boot.test.mock.mockito.MockitoTestExecutionListener, org.springframework.boot.test.mock.mockito.ResetMocksTestExecutionListener, org.springframework.test.context.web.ServletTestExecutionListener, org.springframework.test.context.support.DirtiesContextBeforeModesTestExecutionListener, org.springframework.test.context.event.ApplicationEventsTestExecutionListener, org.springframework.test.context.support.DependencyInjectionTestExecutionListener, org.springframework.test.context.support.DirtiesContextTestExecutionListener, org.springframework.test.context.transaction.TransactionalTestExecutionListener, org.springframework.test.context.jdbc.SqlScriptsTestExecutionListener, org.springframework.test.context.event.EventPublishingTestExecutionListener]
15:44:55.437 [Test worker] DEBUG org.springframework.boot.test.context.SpringBootTestContextBootstrapper - Skipping candidate TestExecutionListener [org.springframework.test.context.transaction.TransactionalTestExecutionListener] due to a missing dependency. Specify custom listener classes or make the default listener classes and their required dependencies available. Offending class: [org/springframework/transaction/interceptor/TransactionAttributeSource]
15:44:55.453 [Test worker] DEBUG org.springframework.boot.test.context.SpringBootTestContextBootstrapper - Skipping candidate TestExecutionListener [org.springframework.test.context.jdbc.SqlScriptsTestExecutionListener] due to a missing dependency. Specify custom listener classes or make the default listener classes and their required dependencies available. Offending class: [org/springframework/transaction/interceptor/TransactionAttribute]
15:44:55.515 [Test worker] INFO org.springframework.boot.test.context.SpringBootTestContextBootstrapper - Using TestExecutionListeners: [org.springframework.test.context.web.ServletTestExecutionListener@1d405c36, org.springframework.test.context.support.DirtiesContextBeforeModesTestExecutionListener@1ac41f27, org.springframework.test.context.event.ApplicationEventsTestExecutionListener@4f34272b, org.springframework.boot.test.mock.mockito.MockitoTestExecutionListener@d91203f, org.springframework.boot.test.autoconfigure.SpringBootDependencyInjectionTestExecutionListener@12af7c57, org.springframework.test.context.support.DirtiesContextTestExecutionListener@28a86402, org.springframework.test.context.event.EventPublishingTestExecutionListener@46cb1343, org.springframework.boot.test.autoconfigure.restdocs.RestDocsTestExecutionListener@425f537d, org.springframework.boot.test.autoconfigure.web.client.MockRestServiceServerResetTestExecutionListener@2b7bd2a5, org.springframework.boot.test.autoconfigure.web.servlet.MockMvcPrintOnlyOnFailureTestExecutionListener@40982bbc, org.springframework.boot.test.autoconfigure.web.servlet.WebDriverTestExecutionListener@5ed779e7, org.springframework.boot.test.autoconfigure.webservices.client.MockWebServiceServerTestExecutionListener@66ab0dfb, org.springframework.boot.test.mock.mockito.ResetMocksTestExecutionListener@13b00571]
15:44:55.547 [Test worker] DEBUG org.springframework.test.context.support.AbstractDirtiesContextTestExecutionListener - Before test class: context [DefaultTestContext@6f42e1b testClass = Learning1ApplicationTests, testInstance = [null], testMethod = [null], testException = [null], mergedContextConfiguration = [WebMergedContextConfiguration@72b413ae testClass = Learning1ApplicationTests, locations = '{}', classes = '{class com.example.Learning1.Learning1Application}', contextInitializerClasses = '[]', activeProfiles = '{}', propertySourceLocations = '{}', propertySourceProperties = '{org.springframework.boot.test.context.SpringBootTestContextBootstrapper=true}', contextCustomizers = set[org.springframework.boot.test.autoconfigure.actuate.metrics.MetricsExportContextCustomizerFactory$DisableMetricExportContextCustomizer@377757ee, org.springframework.boot.test.autoconfigure.properties.PropertyMappingContextCustomizer@0, org.springframework.boot.test.autoconfigure.web.servlet.WebDriverContextCustomizerFactory$Customizer@10853219, org.springframework.boot.test.context.filter.ExcludeFilterContextCustomizer@77183177, org.springframework.boot.test.json.DuplicateJsonObjectContextCustomizerFactory$DuplicateJsonObjectContextCustomizer@6b0f183b, org.springframework.boot.test.mock.mockito.MockitoContextCustomizer@0, org.springframework.boot.test.web.client.TestRestTemplateContextCustomizer@49cba39e, org.springframework.boot.test.context.SpringBootTestArgs@1, org.springframework.boot.test.context.SpringBootTestWebEnvironment@9ca0549], resourceBasePath = 'src/main/webapp', contextLoader = 'org.springframework.boot.test.context.SpringBootContextLoader', parent = [null]], attributes = map['org.springframework.test.context.web.ServletTestExecutionListener.activateListener' -> true]], class annotated with @DirtiesContext [false] with mode [null].
15:44:55.656 [Test worker] DEBUG org.springframework.test.context.support.TestPropertySourceUtils - Adding inlined properties to environment: {spring.jmx.enabled=false, org.springframework.boot.test.context.SpringBootTestContextBootstrapper=true}

  .   ____          _            __ _ _
 /\\ / ___'_ __ _ _(_)_ __  __ _ \ \ \ \
( ( )\___ | '_ | '_| | '_ \/ _` | \ \ \ \
 \\/  ___)| |_)| | | | | || (_| |  ) ) ) )
  '  |____| .__|_| |_|_| |_\__, | / / / /
 =========|_|==============|___/=/_/_/_/
 :: Spring Boot ::                (v2.4.5)

2021-06-17 15:44:56.536  INFO 35216 --- [    Test worker] c.e.Learning1.Learning1ApplicationTests  : Starting Learning1ApplicationTests using Java 11.0.2 on VW10MSPTCSP2012 with PID 35216 (started by CAE8952 in C:\Project\Learning1)
2021-06-17 15:44:56.540  INFO 35216 --- [    Test worker] c.e.Learning1.Learning1ApplicationTests  : No active profile set, falling back to default profiles: default
2021-06-17 15:45:00.122  INFO 35216 --- [    Test worker] o.s.s.concurrent.ThreadPoolTaskExecutor  : Initializing ExecutorService 'applicationTaskExecutor'
2021-06-17 15:45:00.938  INFO 35216 --- [    Test worker] c.e.Learning1.Learning1ApplicationTests  : Started Learning1ApplicationTests in 5.26 seconds (JVM running for 9.799)
]]></system-out>
  <system-err><![CDATA[]]></system-err>
</testsuite>
